<?xml version="1.0" encoding="UTF-8"?>
<!-- Generated by org.testng.reporters.JUnitXMLReporter -->
<testsuite hostname="Manideep-PC" ignored="0" name="Test" tests="4" failures="0" timestamp="2020-10-02T18:30:08 PDT" time="0.077" errors="0">
  <testcase name="iosapps" time="0.007" classname="qaclickacademy.mavenjava.appiumTest"/>
  <testcase name="nativeappandroid" time="0.001" classname="qaclickacademy.mavenjava.appiumTest"/>
  <testcase name="deletetwitter" time="0.0" classname="qaclickacademy.mavenjava.restAPITest"/>
  <testcase name="postjira" time="0.001" classname="qaclickacademy.mavenjava.restAPITest"/>
</testsuite> <!-- Test -->
